<?xml version="1.0" encoding="UTF-8"?>
<!-- Generated by org.testng.reporters.JUnitReportReporter -->
<testsuite hostname="PrasannAnusha" failures="0" tests="12" name="Pages_Tests.Register_Test" time="96.214" errors="0" timestamp="2023-08-11T18:36:00 EDT" skipped="0">
  <testcase classname="Pages_Tests.Register_Test" name="all_field_empty" time="7.556"/>
  <system-out/>
  <testcase classname="Pages_Tests.Register_Test" name="pass_empty" time="7.055"/>
  <system-out/>
  <testcase classname="Pages_Tests.Register_Test" name="confpass_empty" time="8.167"/>
  <system-out/>
  <testcase classname="Pages_Tests.Register_Test" name="uname_char" time="8.109"/>
  <system-out/>
  <testcase classname="Pages_Tests.Register_Test" name="uname_exist" time="7.764"/>
  <system-out/>
  <testcase classname="Pages_Tests.Register_Test" name="pass_mismatch" time="11.438"/>
  <system-out/>
  <testcase classname="Pages_Tests.Register_Test" name="pass_numbers" time="8.783"/>
  <system-out/>
  <testcase classname="Pages_Tests.Register_Test" name="pass_unamesame" time="7.280"/>
  <system-out/>
  <testcase classname="Pages_Tests.Register_Test" name="pass_common" time="7.779"/>
  <system-out/>
  <testcase classname="Pages_Tests.Register_Test" name="valid_entry" time="7.549"/>
  <system-out/>
  <testcase classname="Pages_Tests.Register_Test" name="loginlnk_click" time="6.459"/>
  <system-out/>
  <testcase classname="Pages_Tests.Register_Test" name="valid_login" time="8.275"/>
  <system-out/>
</testsuite> <!-- Pages_Tests.Register_Test -->
