<?xml version="1.0" encoding="UTF-8"?>
<!-- Generated by org.testng.reporters.JUnitReportReporter -->
<testsuite hostname="PrasannAnusha" failures="0" tests="2" name="Pages_Tests.LaunchPage_Test" time="13.618" errors="0" timestamp="2023-08-11T17:32:27 EDT" skipped="0">
  <testcase classname="Pages_Tests.LaunchPage_Test" name="launch_title" time="7.702"/>
  <system-out/>
  <testcase classname="Pages_Tests.LaunchPage_Test" name="launch_click" time="5.916"/>
  <system-out/>
</testsuite> <!-- Pages_Tests.LaunchPage_Test -->
