<?xml version="1.0" encoding="UTF-8"?>
<!-- Generated by org.testng.reporters.JUnitReportReporter -->
<testsuite hostname="PrasannAnusha" failures="0" tests="15" name="Pages_Tests.HomePage_Test" time="111.088" errors="0" timestamp="2023-08-11T17:32:27 EDT" skipped="0">
  <testcase classname="Pages_Tests.HomePage_Test" name="home_title" time="7.401"/>
  <system-out/>
  <testcase classname="Pages_Tests.HomePage_Test" name="home_click_getstarted" time="7.239"/>
  <system-out/>
  <testcase classname="Pages_Tests.HomePage_Test" name="home_click_getstarted" time="7.605"/>
  <system-out/>
  <testcase classname="Pages_Tests.HomePage_Test" name="home_click_getstarted" time="7.172"/>
  <system-out/>
  <testcase classname="Pages_Tests.HomePage_Test" name="home_click_getstarted" time="6.906"/>
  <system-out/>
  <testcase classname="Pages_Tests.HomePage_Test" name="home_click_getstarted" time="7.426"/>
  <system-out/>
  <testcase classname="Pages_Tests.HomePage_Test" name="home_click_getstarted" time="7.326"/>
  <system-out/>
  <testcase classname="Pages_Tests.HomePage_Test" name="home_click_getstarted" time="6.882"/>
  <system-out/>
  <testcase classname="Pages_Tests.HomePage_Test" name="home_dropdown_select" time="8.039"/>
  <system-out/>
  <testcase classname="Pages_Tests.HomePage_Test" name="home_dropdown_select" time="8.543"/>
  <system-out/>
  <testcase classname="Pages_Tests.HomePage_Test" name="home_dropdown_select" time="7.703"/>
  <system-out/>
  <testcase classname="Pages_Tests.HomePage_Test" name="home_dropdown_select" time="6.949"/>
  <system-out/>
  <testcase classname="Pages_Tests.HomePage_Test" name="home_dropdown_select" time="7.536"/>
  <system-out/>
  <testcase classname="Pages_Tests.HomePage_Test" name="home_dropdown_select" time="7.675"/>
  <system-out/>
  <testcase classname="Pages_Tests.HomePage_Test" name="signin_launch" time="6.686"/>
  <system-out/>
</testsuite> <!-- Pages_Tests.HomePage_Test -->
