<?xml version="1.0" encoding="UTF-8"?>
<!-- Generated by org.testng.reporters.JUnitReportReporter -->
<testsuite hostname="PrasannAnusha" failures="0" tests="3" name="Pages_Tests.DataStructures_Test" time="29.689" errors="0" timestamp="2023-08-11T17:32:27 EDT" skipped="0">
  <testcase classname="Pages_Tests.DataStructures_Test" name="DS_launch" time="8.695"/>
  <system-out/>
  <testcase classname="Pages_Tests.DataStructures_Test" name="Time_Comp_click" time="9.376"/>
  <system-out/>
  <testcase classname="Pages_Tests.DataStructures_Test" name="Time_Comp_click" time="11.618"/>
  <system-out/>
</testsuite> <!-- Pages_Tests.DataStructures_Test -->
