<?xml version="1.0" encoding="UTF-8"?>
<!-- Generated by org.testng.reporters.JUnitReportReporter -->
<testsuite hostname="PrasannAnusha" failures="0" tests="5" name="Pages_Tests.SignIn_Test" time="35.893" errors="0" timestamp="2023-08-11T17:32:27 EDT" skipped="0">
  <testcase classname="Pages_Tests.SignIn_Test" name="register_sigin_launch" time="6.602"/>
  <system-out/>
  <testcase classname="Pages_Tests.SignIn_Test" name="all_field_empty" time="6.985"/>
  <system-out/>
  <testcase classname="Pages_Tests.SignIn_Test" name="pass_field_empty" time="7.498"/>
  <system-out/>
  <testcase classname="Pages_Tests.SignIn_Test" name="invalid_entry" time="7.048"/>
  <system-out/>
  <testcase classname="Pages_Tests.SignIn_Test" name="valid_Excel" time="7.760"/>
  <system-out/>
</testsuite> <!-- Pages_Tests.SignIn_Test -->
